{"D:\\Programming Projects\\portfolio-back-end-\\index.ts": {"path":"D:\\Programming Projects\\portfolio-back-end-\\index.ts","statementMap":{"0":{"start":{"line":1,"column":0},"end":{"line":1,"column":29}},"1":{"start":{"line":2,"column":0},"end":{"line":2,"column":32}},"2":{"start":{"line":3,"column":0},"end":{"line":3,"column":27}},"3":{"start":{"line":4,"column":0},"end":{"line":4,"column":44}},"4":{"start":{"line":5,"column":0},"end":{"line":5,"column":50}},"5":{"start":{"line":6,"column":0},"end":{"line":6,"column":44}},"6":{"start":{"line":7,"column":0},"end":{"line":7,"column":null}},"7":{"start":{"line":8,"column":12},"end":{"line":8,"column":21}},"8":{"start":{"line":10,"column":17},"end":{"line":10,"column":47}},"9":{"start":{"line":11,"column":0},"end":{"line":11,"column":null}},"10":{"start":{"line":12,"column":0},"end":{"line":12,"column":null}},"11":{"start":{"line":13,"column":9},"end":{"line":13,"column":28}},"12":{"start":{"line":14,"column":0},"end":{"line":16,"column":null}},"13":{"start":{"line":15,"column":0},"end":{"line":15,"column":null}},"14":{"start":{"line":17,"column":0},"end":{"line":19,"column":null}},"15":{"start":{"line":18,"column":4},"end":{"line":18,"column":null}},"16":{"start":{"line":20,"column":0},"end":{"line":20,"column":null}},"17":{"start":{"line":21,"column":0},"end":{"line":21,"column":null}},"18":{"start":{"line":22,"column":0},"end":{"line":22,"column":null}},"19":{"start":{"line":24,"column":0},"end":{"line":24,"column":null}}},"fnMap":{"0":{"name":"(anonymous_1)","decl":{"start":{"line":14,"column":15},"end":{"line":14,"column":17}},"loc":{"start":{"line":14,"column":19},"end":{"line":16,"column":1}}},"1":{"name":"(anonymous_2)","decl":{"start":{"line":17,"column":14},"end":{"line":17,"column":16}},"loc":{"start":{"line":17,"column":18},"end":{"line":19,"column":1}}}},"branchMap":{},"s":{"0":1,"1":1,"2":1,"3":1,"4":1,"5":1,"6":1,"7":1,"8":1,"9":1,"10":1,"11":1,"12":1,"13":1,"14":1,"15":0,"16":1,"17":1,"18":1,"19":1},"f":{"0":1,"1":0},"b":{}}
,"D:\\Programming Projects\\portfolio-back-end-\\middleware\\transpoter.js": {"path":"D:\\Programming Projects\\portfolio-back-end-\\middleware\\transpoter.js","statementMap":{"0":{"start":{"line":2,"column":22},"end":{"line":4,"column":1}},"1":{"start":{"line":3,"column":4},"end":{"line":3,"column":62}},"2":{"start":{"line":5,"column":0},"end":{"line":5,"column":62}},"3":{"start":{"line":6,"column":21},"end":{"line":6,"column":59}},"4":{"start":{"line":7,"column":18},"end":{"line":14,"column":2}},"5":{"start":{"line":15,"column":0},"end":{"line":15,"column":28}}},"fnMap":{"0":{"name":"(anonymous_0)","decl":{"start":{"line":2,"column":56},"end":{"line":2,"column":57}},"loc":{"start":{"line":2,"column":71},"end":{"line":4,"column":1}},"line":2}},"branchMap":{"0":{"loc":{"start":{"line":2,"column":22},"end":{"line":4,"column":1}},"type":"binary-expr","locations":[{"start":{"line":2,"column":23},"end":{"line":2,"column":27}},{"start":{"line":2,"column":31},"end":{"line":2,"column":51}},{"start":{"line":2,"column":56},"end":{"line":4,"column":1}}],"line":2},"1":{"loc":{"start":{"line":3,"column":11},"end":{"line":3,"column":61}},"type":"cond-expr","locations":[{"start":{"line":3,"column":37},"end":{"line":3,"column":40}},{"start":{"line":3,"column":43},"end":{"line":3,"column":61}}],"line":3},"2":{"loc":{"start":{"line":3,"column":12},"end":{"line":3,"column":33}},"type":"binary-expr","locations":[{"start":{"line":3,"column":12},"end":{"line":3,"column":15}},{"start":{"line":3,"column":19},"end":{"line":3,"column":33}}],"line":3}},"s":{"0":1,"1":1,"2":1,"3":1,"4":1,"5":1},"f":{"0":1},"b":{"0":[1,1,1],"1":[0,1],"2":[1,1]},"inputSourceMap":null,"_coverageSchema":"1a1c01bbd47fc00a2c39e90264f33305004495a9","hash":"f4a219fc84a591adc69c81e2035b832d251e08f3"}
,"D:\\Programming Projects\\portfolio-back-end-\\middleware\\userAuth.js": {"path":"D:\\Programming Projects\\portfolio-back-end-\\middleware\\userAuth.js","statementMap":{"0":{"start":{"line":2,"column":16},"end":{"line":10,"column":1}},"1":{"start":{"line":3,"column":28},"end":{"line":3,"column":110}},"2":{"start":{"line":3,"column":91},"end":{"line":3,"column":106}},"3":{"start":{"line":4,"column":4},"end":{"line":9,"column":7}},"4":{"start":{"line":5,"column":36},"end":{"line":5,"column":97}},"5":{"start":{"line":5,"column":42},"end":{"line":5,"column":70}},"6":{"start":{"line":5,"column":85},"end":{"line":5,"column":95}},"7":{"start":{"line":6,"column":35},"end":{"line":6,"column":100}},"8":{"start":{"line":6,"column":41},"end":{"line":6,"column":73}},"9":{"start":{"line":6,"column":88},"end":{"line":6,"column":98}},"10":{"start":{"line":7,"column":32},"end":{"line":7,"column":116}},"11":{"start":{"line":8,"column":8},"end":{"line":8,"column":78}},"12":{"start":{"line":11,"column":22},"end":{"line":13,"column":1}},"13":{"start":{"line":12,"column":4},"end":{"line":12,"column":62}},"14":{"start":{"line":14,"column":0},"end":{"line":14,"column":62}},"15":{"start":{"line":15,"column":0},"end":{"line":15,"column":46}},"16":{"start":{"line":16,"column":23},"end":{"line":16,"column":63}},"17":{"start":{"line":17,"column":17},"end":{"line":17,"column":61}},"18":{"start":{"line":18,"column":17},"end":{"line":35,"column":2}},"19":{"start":{"line":18,"column":37},"end":{"line":35,"column":2}},"20":{"start":{"line":19,"column":23},"end":{"line":19,"column":51}},"21":{"start":{"line":20,"column":18},"end":{"line":20,"column":56}},"22":{"start":{"line":21,"column":4},"end":{"line":34,"column":8}},"23":{"start":{"line":21,"column":83},"end":{"line":34,"column":6}},"24":{"start":{"line":22,"column":8},"end":{"line":33,"column":9}},"25":{"start":{"line":23,"column":12},"end":{"line":28,"column":13}},"26":{"start":{"line":24,"column":16},"end":{"line":24,"column":72}},"27":{"start":{"line":27,"column":16},"end":{"line":27,"column":54}},"28":{"start":{"line":31,"column":12},"end":{"line":31,"column":31}},"29":{"start":{"line":32,"column":12},"end":{"line":32,"column":19}},"30":{"start":{"line":36,"column":0},"end":{"line":36,"column":28}},"31":{"start":{"line":37,"column":18},"end":{"line":50,"column":1}},"32":{"start":{"line":38,"column":4},"end":{"line":49,"column":6}},"33":{"start":{"line":39,"column":25},"end":{"line":39,"column":38}},"34":{"start":{"line":40,"column":8},"end":{"line":42,"column":9}},"35":{"start":{"line":41,"column":12},"end":{"line":41,"column":51}},"36":{"start":{"line":43,"column":8},"end":{"line":48,"column":9}},"37":{"start":{"line":44,"column":12},"end":{"line":44,"column":93}},"38":{"start":{"line":47,"column":12},"end":{"line":47,"column":19}},"39":{"start":{"line":51,"column":0},"end":{"line":51,"column":30}}},"fnMap":{"0":{"name":"(anonymous_0)","decl":{"start":{"line":2,"column":44},"end":{"line":2,"column":45}},"loc":{"start":{"line":2,"column":89},"end":{"line":10,"column":1}},"line":2},"1":{"name":"adopt","decl":{"start":{"line":3,"column":13},"end":{"line":3,"column":18}},"loc":{"start":{"line":3,"column":26},"end":{"line":3,"column":112}},"line":3},"2":{"name":"(anonymous_2)","decl":{"start":{"line":3,"column":70},"end":{"line":3,"column":71}},"loc":{"start":{"line":3,"column":89},"end":{"line":3,"column":108}},"line":3},"3":{"name":"(anonymous_3)","decl":{"start":{"line":4,"column":36},"end":{"line":4,"column":37}},"loc":{"start":{"line":4,"column":63},"end":{"line":9,"column":5}},"line":4},"4":{"name":"fulfilled","decl":{"start":{"line":5,"column":17},"end":{"line":5,"column":26}},"loc":{"start":{"line":5,"column":34},"end":{"line":5,"column":99}},"line":5},"5":{"name":"rejected","decl":{"start":{"line":6,"column":17},"end":{"line":6,"column":25}},"loc":{"start":{"line":6,"column":33},"end":{"line":6,"column":102}},"line":6},"6":{"name":"step","decl":{"start":{"line":7,"column":17},"end":{"line":7,"column":21}},"loc":{"start":{"line":7,"column":30},"end":{"line":7,"column":118}},"line":7},"7":{"name":"(anonymous_7)","decl":{"start":{"line":11,"column":56},"end":{"line":11,"column":57}},"loc":{"start":{"line":11,"column":71},"end":{"line":13,"column":1}},"line":11},"8":{"name":"(anonymous_8)","decl":{"start":{"line":18,"column":17},"end":{"line":18,"column":18}},"loc":{"start":{"line":18,"column":37},"end":{"line":35,"column":2}},"line":18},"9":{"name":"(anonymous_9)","decl":{"start":{"line":18,"column":71},"end":{"line":18,"column":72}},"loc":{"start":{"line":18,"column":84},"end":{"line":35,"column":1}},"line":18},"10":{"name":"(anonymous_10)","decl":{"start":{"line":21,"column":65},"end":{"line":21,"column":66}},"loc":{"start":{"line":21,"column":83},"end":{"line":34,"column":6}},"line":21},"11":{"name":"(anonymous_11)","decl":{"start":{"line":21,"column":117},"end":{"line":21,"column":118}},"loc":{"start":{"line":21,"column":130},"end":{"line":34,"column":5}},"line":21},"12":{"name":"(anonymous_12)","decl":{"start":{"line":37,"column":18},"end":{"line":37,"column":19}},"loc":{"start":{"line":37,"column":40},"end":{"line":50,"column":1}},"line":37},"13":{"name":"(anonymous_13)","decl":{"start":{"line":38,"column":11},"end":{"line":38,"column":12}},"loc":{"start":{"line":38,"column":31},"end":{"line":49,"column":5}},"line":38}},"branchMap":{"0":{"loc":{"start":{"line":2,"column":16},"end":{"line":10,"column":1}},"type":"binary-expr","locations":[{"start":{"line":2,"column":17},"end":{"line":2,"column":21}},{"start":{"line":2,"column":25},"end":{"line":2,"column":39}},{"start":{"line":2,"column":44},"end":{"line":10,"column":1}}],"line":2},"1":{"loc":{"start":{"line":3,"column":35},"end":{"line":3,"column":109}},"type":"cond-expr","locations":[{"start":{"line":3,"column":56},"end":{"line":3,"column":61}},{"start":{"line":3,"column":64},"end":{"line":3,"column":109}}],"line":3},"2":{"loc":{"start":{"line":4,"column":16},"end":{"line":4,"column":34}},"type":"binary-expr","locations":[{"start":{"line":4,"column":16},"end":{"line":4,"column":17}},{"start":{"line":4,"column":22},"end":{"line":4,"column":33}}],"line":4},"3":{"loc":{"start":{"line":7,"column":32},"end":{"line":7,"column":115}},"type":"cond-expr","locations":[{"start":{"line":7,"column":46},"end":{"line":7,"column":67}},{"start":{"line":7,"column":70},"end":{"line":7,"column":115}}],"line":7},"4":{"loc":{"start":{"line":8,"column":51},"end":{"line":8,"column":67}},"type":"binary-expr","locations":[{"start":{"line":8,"column":51},"end":{"line":8,"column":61}},{"start":{"line":8,"column":65},"end":{"line":8,"column":67}}],"line":8},"5":{"loc":{"start":{"line":11,"column":22},"end":{"line":13,"column":1}},"type":"binary-expr","locations":[{"start":{"line":11,"column":23},"end":{"line":11,"column":27}},{"start":{"line":11,"column":31},"end":{"line":11,"column":51}},{"start":{"line":11,"column":56},"end":{"line":13,"column":1}}],"line":11},"6":{"loc":{"start":{"line":12,"column":11},"end":{"line":12,"column":61}},"type":"cond-expr","locations":[{"start":{"line":12,"column":37},"end":{"line":12,"column":40}},{"start":{"line":12,"column":43},"end":{"line":12,"column":61}}],"line":12},"7":{"loc":{"start":{"line":12,"column":12},"end":{"line":12,"column":33}},"type":"binary-expr","locations":[{"start":{"line":12,"column":12},"end":{"line":12,"column":15}},{"start":{"line":12,"column":19},"end":{"line":12,"column":33}}],"line":12},"8":{"loc":{"start":{"line":20,"column":18},"end":{"line":20,"column":56}},"type":"binary-expr","locations":[{"start":{"line":20,"column":18},"end":{"line":20,"column":28}},{"start":{"line":20,"column":32},"end":{"line":20,"column":56}}],"line":20},"9":{"loc":{"start":{"line":22,"column":8},"end":{"line":33,"column":9}},"type":"if","locations":[{"start":{"line":22,"column":8},"end":{"line":33,"column":9}},{"start":{"line":30,"column":13},"end":{"line":33,"column":9}}],"line":22},"10":{"loc":{"start":{"line":23,"column":12},"end":{"line":28,"column":13}},"type":"if","locations":[{"start":{"line":23,"column":12},"end":{"line":28,"column":13}},{"start":{"line":26,"column":17},"end":{"line":28,"column":13}}],"line":23},"11":{"loc":{"start":{"line":40,"column":8},"end":{"line":42,"column":9}},"type":"if","locations":[{"start":{"line":40,"column":8},"end":{"line":42,"column":9}},{"start":{},"end":{}}],"line":40},"12":{"loc":{"start":{"line":43,"column":8},"end":{"line":48,"column":9}},"type":"if","locations":[{"start":{"line":43,"column":8},"end":{"line":48,"column":9}},{"start":{"line":46,"column":13},"end":{"line":48,"column":9}}],"line":43}},"s":{"0":1,"1":0,"2":0,"3":2,"4":0,"5":0,"6":0,"7":0,"8":0,"9":0,"10":2,"11":2,"12":1,"13":2,"14":1,"15":1,"16":1,"17":1,"18":1,"19":1,"20":1,"21":1,"22":1,"23":1,"24":1,"25":1,"26":0,"27":1,"28":0,"29":0,"30":1,"31":1,"32":2,"33":0,"34":0,"35":0,"36":0,"37":0,"38":0,"39":1},"f":{"0":2,"1":0,"2":0,"3":2,"4":0,"5":0,"6":2,"7":2,"8":1,"9":1,"10":1,"11":1,"12":2,"13":0},"b":{"0":[1,1,1],"1":[0,0],"2":[2,2],"3":[2,0],"4":[2,2],"5":[1,1,1],"6":[1,1],"7":[2,2],"8":[1,0],"9":[1,0],"10":[0,1],"11":[0,0],"12":[0,0]},"inputSourceMap":null,"_coverageSchema":"1a1c01bbd47fc00a2c39e90264f33305004495a9","hash":"2d1c0a7430bbea6ab5aa38c5a18344a1edc7b3cf"}
,"D:\\Programming Projects\\portfolio-back-end-\\models\\blogs.ts": {"path":"D:\\Programming Projects\\portfolio-back-end-\\models\\blogs.ts","statementMap":{"0":{"start":{"line":1,"column":0},"end":{"line":1,"column":32}},"1":{"start":{"line":3,"column":18},"end":{"line":23,"column":null}},"2":{"start":{"line":25,"column":14},"end":{"line":30,"column":2}},"3":{"start":{"line":31,"column":13},"end":{"line":31,"column":null}},"4":{"start":{"line":32,"column":12},"end":{"line":32,"column":45}},"5":{"start":{"line":33,"column":0},"end":{"line":33,"column":null}}},"fnMap":{},"branchMap":{},"s":{"0":1,"1":1,"2":1,"3":1,"4":1,"5":1},"f":{},"b":{}}
,"D:\\Programming Projects\\portfolio-back-end-\\models\\message.ts": {"path":"D:\\Programming Projects\\portfolio-back-end-\\models\\message.ts","statementMap":{"0":{"start":{"line":1,"column":0},"end":{"line":1,"column":31}},"1":{"start":{"line":2,"column":15},"end":{"line":11,"column":2}},"2":{"start":{"line":12,"column":21},"end":{"line":12,"column":55}},"3":{"start":{"line":13,"column":1},"end":{"line":13,"column":null}}},"fnMap":{},"branchMap":{},"s":{"0":1,"1":1,"2":1,"3":1},"f":{},"b":{}}
,"D:\\Programming Projects\\portfolio-back-end-\\models\\rolers.ts": {"path":"D:\\Programming Projects\\portfolio-back-end-\\models\\rolers.ts","statementMap":{"0":{"start":{"line":5,"column":18},"end":{"line":8,"column":null}},"1":{"start":{"line":9,"column":0},"end":{"line":9,"column":null}}},"fnMap":{},"branchMap":{},"s":{"0":1,"1":1},"f":{},"b":{}}
,"D:\\Programming Projects\\portfolio-back-end-\\models\\subscriber.ts": {"path":"D:\\Programming Projects\\portfolio-back-end-\\models\\subscriber.ts","statementMap":{"0":{"start":{"line":1,"column":0},"end":{"line":1,"column":32}},"1":{"start":{"line":2,"column":25},"end":{"line":12,"column":4}},"2":{"start":{"line":13,"column":19},"end":{"line":13,"column":64}},"3":{"start":{"line":14,"column":2},"end":{"line":14,"column":null}}},"fnMap":{},"branchMap":{},"s":{"0":1,"1":1,"2":1,"3":1},"f":{},"b":{}}
,"D:\\Programming Projects\\portfolio-back-end-\\models\\usermodel.ts": {"path":"D:\\Programming Projects\\portfolio-back-end-\\models\\usermodel.ts","statementMap":{"0":{"start":{"line":1,"column":0},"end":{"line":1,"column":31}},"1":{"start":{"line":2,"column":20},"end":{"line":29,"column":4}},"2":{"start":{"line":30,"column":13},"end":{"line":30,"column":46}},"3":{"start":{"line":31,"column":2},"end":{"line":31,"column":null}}},"fnMap":{},"branchMap":{},"s":{"0":1,"1":1,"2":1,"3":1},"f":{},"b":{}}
,"D:\\Programming Projects\\portfolio-back-end-\\routes\\blogRouter.ts": {"path":"D:\\Programming Projects\\portfolio-back-end-\\routes\\blogRouter.ts","statementMap":{"0":{"start":{"line":1,"column":0},"end":{"line":1,"column":36}},"1":{"start":{"line":2,"column":0},"end":{"line":2,"column":32}},"2":{"start":{"line":3,"column":0},"end":{"line":3,"column":48}},"3":{"start":{"line":4,"column":0},"end":{"line":4,"column":61}},"4":{"start":{"line":5,"column":0},"end":{"line":5,"column":56}},"5":{"start":{"line":6,"column":0},"end":{"line":6,"column":49}},"6":{"start":{"line":7,"column":0},"end":{"line":7,"column":46}},"7":{"start":{"line":10,"column":17},"end":{"line":10,"column":26}},"8":{"start":{"line":12,"column":2},"end":{"line":45,"column":null}},"9":{"start":{"line":12,"column":56},"end":{"line":45,"column":4}},"10":{"start":{"line":13,"column":2},"end":{"line":44,"column":1}},"11":{"start":{"line":14,"column":17},"end":{"line":19,"column":4}},"12":{"start":{"line":20,"column":21},"end":{"line":20,"column":51}},"13":{"start":{"line":21,"column":3},"end":{"line":39,"column":3}},"14":{"start":{"line":22,"column":4},"end":{"line":22,"column":null}},"15":{"start":{"line":27,"column":4},"end":{"line":27,"column":null}},"16":{"start":{"line":28,"column":2},"end":{"line":28,"column":null}},"17":{"start":{"line":29,"column":21},"end":{"line":29,"column":44}},"18":{"start":{"line":30,"column":3},"end":{"line":38,"column":null}},"19":{"start":{"line":31,"column":22},"end":{"line":36,"column":null}},"20":{"start":{"line":37,"column":4},"end":{"line":37,"column":null}},"21":{"start":{"line":43,"column":5},"end":{"line":43,"column":null}},"22":{"start":{"line":47,"column":4},"end":{"line":74,"column":7}},"23":{"start":{"line":47,"column":48},"end":{"line":74,"column":6}},"24":{"start":{"line":48,"column":6},"end":{"line":73,"column":7}},"25":{"start":{"line":49,"column":34},"end":{"line":69,"column":10}},"26":{"start":{"line":70,"column":6},"end":{"line":70,"column":34}},"27":{"start":{"line":72,"column":8},"end":{"line":72,"column":24}},"28":{"start":{"line":76,"column":2},"end":{"line":91,"column":null}},"29":{"start":{"line":76,"column":49},"end":{"line":91,"column":6}},"30":{"start":{"line":77,"column":4},"end":{"line":90,"column":5}},"31":{"start":{"line":79,"column":25},"end":{"line":84,"column":8}},"32":{"start":{"line":85,"column":6},"end":{"line":85,"column":null}},"33":{"start":{"line":86,"column":6},"end":{"line":86,"column":null}},"34":{"start":{"line":89,"column":6},"end":{"line":89,"column":null}},"35":{"start":{"line":92,"column":4},"end":{"line":110,"column":null}},"36":{"start":{"line":92,"column":64},"end":{"line":110,"column":6}},"37":{"start":{"line":93,"column":6},"end":{"line":109,"column":8}},"38":{"start":{"line":94,"column":5},"end":{"line":105,"column":null}},"39":{"start":{"line":96,"column":8},"end":{"line":101,"column":9}},"40":{"start":{"line":97,"column":10},"end":{"line":97,"column":null}},"41":{"start":{"line":100,"column":10},"end":{"line":100,"column":null}},"42":{"start":{"line":104,"column":8},"end":{"line":104,"column":null}},"43":{"start":{"line":108,"column":4},"end":{"line":108,"column":null}},"44":{"start":{"line":111,"column":4},"end":{"line":128,"column":null}},"45":{"start":{"line":111,"column":92},"end":{"line":128,"column":6}},"46":{"start":{"line":112,"column":5},"end":{"line":127,"column":5}},"47":{"start":{"line":113,"column":5},"end":{"line":113,"column":null}},"48":{"start":{"line":114,"column":5},"end":{"line":123,"column":null}},"49":{"start":{"line":116,"column":6},"end":{"line":120,"column":5}},"50":{"start":{"line":117,"column":8},"end":{"line":117,"column":null}},"51":{"start":{"line":119,"column":6},"end":{"line":119,"column":null}},"52":{"start":{"line":122,"column":6},"end":{"line":122,"column":null}},"53":{"start":{"line":126,"column":6},"end":{"line":126,"column":null}},"54":{"start":{"line":129,"column":4},"end":{"line":159,"column":null}},"55":{"start":{"line":129,"column":49},"end":{"line":159,"column":6}},"56":{"start":{"line":130,"column":18},"end":{"line":130,"column":32}},"57":{"start":{"line":131,"column":6},"end":{"line":157,"column":null}},"58":{"start":{"line":133,"column":8},"end":{"line":155,"column":9}},"59":{"start":{"line":134,"column":4},"end":{"line":134,"column":null}},"60":{"start":{"line":137,"column":10},"end":{"line":153,"column":11}},"61":{"start":{"line":138,"column":11},"end":{"line":149,"column":null}},"62":{"start":{"line":143,"column":12},"end":{"line":148,"column":13}},"63":{"start":{"line":144,"column":14},"end":{"line":144,"column":null}},"64":{"start":{"line":147,"column":14},"end":{"line":147,"column":null}},"65":{"start":{"line":152,"column":12},"end":{"line":152,"column":null}},"66":{"start":{"line":160,"column":2},"end":{"line":160,"column":null}}},"fnMap":{"0":{"name":"(anonymous_8)","decl":{"start":{"line":12,"column":39},"end":{"line":12,"column":46}},"loc":{"start":{"line":12,"column":56},"end":{"line":45,"column":4}}},"1":{"name":"(anonymous_9)","decl":{"start":{"line":12,"column":56},"end":{"line":12,"column":null}},"loc":{"start":{"line":12,"column":56},"end":{"line":45,"column":3}}},"2":{"name":"(anonymous_10)","decl":{"start":{"line":30,"column":19},"end":{"line":30,"column":24}},"loc":{"start":{"line":30,"column":26},"end":{"line":38,"column":4}}},"3":{"name":"(anonymous_11)","decl":{"start":{"line":47,"column":29},"end":{"line":47,"column":36}},"loc":{"start":{"line":47,"column":48},"end":{"line":74,"column":6}}},"4":{"name":"(anonymous_12)","decl":{"start":{"line":47,"column":48},"end":{"line":47,"column":null}},"loc":{"start":{"line":47,"column":48},"end":{"line":74,"column":5}}},"5":{"name":"(anonymous_13)","decl":{"start":{"line":76,"column":33},"end":{"line":76,"column":39}},"loc":{"start":{"line":76,"column":49},"end":{"line":91,"column":6}}},"6":{"name":"(anonymous_14)","decl":{"start":{"line":76,"column":49},"end":{"line":76,"column":null}},"loc":{"start":{"line":76,"column":49},"end":{"line":91,"column":5}}},"7":{"name":"(anonymous_15)","decl":{"start":{"line":92,"column":48},"end":{"line":92,"column":54}},"loc":{"start":{"line":92,"column":64},"end":{"line":110,"column":6}}},"8":{"name":"(anonymous_16)","decl":{"start":{"line":92,"column":64},"end":{"line":92,"column":null}},"loc":{"start":{"line":92,"column":64},"end":{"line":110,"column":5}}},"9":{"name":"(anonymous_17)","decl":{"start":{"line":95,"column":12},"end":{"line":95,"column":19}},"loc":{"start":{"line":95,"column":22},"end":{"line":102,"column":7}}},"10":{"name":"(anonymous_18)","decl":{"start":{"line":103,"column":13},"end":{"line":103,"column":18}},"loc":{"start":{"line":103,"column":20},"end":{"line":105,"column":7}}},"11":{"name":"(anonymous_19)","decl":{"start":{"line":111,"column":76},"end":{"line":111,"column":82}},"loc":{"start":{"line":111,"column":92},"end":{"line":128,"column":6}}},"12":{"name":"(anonymous_20)","decl":{"start":{"line":111,"column":92},"end":{"line":111,"column":null}},"loc":{"start":{"line":111,"column":92},"end":{"line":128,"column":5}}},"13":{"name":"(anonymous_21)","decl":{"start":{"line":115,"column":10},"end":{"line":115,"column":17}},"loc":{"start":{"line":115,"column":19},"end":{"line":120,"column":6}}},"14":{"name":"(anonymous_22)","decl":{"start":{"line":121,"column":11},"end":{"line":121,"column":16}},"loc":{"start":{"line":121,"column":18},"end":{"line":123,"column":5}}},"15":{"name":"(anonymous_23)","decl":{"start":{"line":129,"column":32},"end":{"line":129,"column":39}},"loc":{"start":{"line":129,"column":49},"end":{"line":159,"column":6}}},"16":{"name":"(anonymous_24)","decl":{"start":{"line":129,"column":49},"end":{"line":129,"column":null}},"loc":{"start":{"line":129,"column":49},"end":{"line":159,"column":5}}},"17":{"name":"(anonymous_25)","decl":{"start":{"line":132,"column":12},"end":{"line":132,"column":16}},"loc":{"start":{"line":132,"column":18},"end":{"line":157,"column":7}}},"18":{"name":"(anonymous_26)","decl":{"start":{"line":142,"column":17},"end":{"line":142,"column":23}},"loc":{"start":{"line":142,"column":25},"end":{"line":149,"column":12}}}},"branchMap":{"0":{"loc":{"start":{"line":21,"column":3},"end":{"line":39,"column":3}},"type":"if","locations":[{"start":{"line":21,"column":3},"end":{"line":39,"column":3}},{"start":{"line":26,"column":2},"end":{"line":39,"column":3}}]},"1":{"loc":{"start":{"line":96,"column":8},"end":{"line":101,"column":9}},"type":"if","locations":[{"start":{"line":96,"column":8},"end":{"line":101,"column":9}},{"start":{"line":99,"column":12},"end":{"line":101,"column":9}}]},"2":{"loc":{"start":{"line":116,"column":6},"end":{"line":120,"column":5}},"type":"if","locations":[{"start":{"line":116,"column":6},"end":{"line":120,"column":5}},{"start":{"line":118,"column":9},"end":{"line":120,"column":5}}]},"3":{"loc":{"start":{"line":133,"column":8},"end":{"line":155,"column":9}},"type":"if","locations":[{"start":{"line":133,"column":8},"end":{"line":155,"column":9}},{"start":{"line":136,"column":12},"end":{"line":155,"column":9}}]},"4":{"loc":{"start":{"line":137,"column":10},"end":{"line":153,"column":11}},"type":"if","locations":[{"start":{"line":137,"column":10},"end":{"line":153,"column":11}},{"start":{"line":151,"column":14},"end":{"line":153,"column":11}}]},"5":{"loc":{"start":{"line":143,"column":12},"end":{"line":148,"column":13}},"type":"if","locations":[{"start":{"line":143,"column":12},"end":{"line":148,"column":13}},{"start":{"line":146,"column":16},"end":{"line":148,"column":13}}]}},"s":{"0":1,"1":1,"2":1,"3":1,"4":1,"5":1,"6":1,"7":1,"8":1,"9":0,"10":0,"11":0,"12":0,"13":0,"14":0,"15":0,"16":0,"17":0,"18":0,"19":0,"20":0,"21":0,"22":1,"23":1,"24":1,"25":1,"26":1,"27":0,"28":1,"29":0,"30":0,"31":0,"32":0,"33":0,"34":0,"35":1,"36":0,"37":0,"38":0,"39":0,"40":0,"41":0,"42":0,"43":0,"44":1,"45":0,"46":0,"47":0,"48":0,"49":0,"50":0,"51":0,"52":0,"53":0,"54":1,"55":0,"56":0,"57":0,"58":0,"59":0,"60":0,"61":0,"62":0,"63":0,"64":0,"65":0,"66":1},"f":{"0":0,"1":0,"2":0,"3":1,"4":1,"5":0,"6":0,"7":0,"8":0,"9":0,"10":0,"11":0,"12":0,"13":0,"14":0,"15":0,"16":0,"17":0,"18":0},"b":{"0":[0,0],"1":[0,0],"2":[0,0],"3":[0,0],"4":[0,0],"5":[0,0]}}
,"D:\\Programming Projects\\portfolio-back-end-\\routes\\messageRouter.ts": {"path":"D:\\Programming Projects\\portfolio-back-end-\\routes\\messageRouter.ts","statementMap":{"0":{"start":{"line":1,"column":0},"end":{"line":1,"column":46}},"1":{"start":{"line":2,"column":0},"end":{"line":2,"column":31}},"2":{"start":{"line":3,"column":0},"end":{"line":3,"column":50}},"3":{"start":{"line":4,"column":0},"end":{"line":4,"column":46}},"4":{"start":{"line":5,"column":0},"end":{"line":5,"column":49}},"5":{"start":{"line":6,"column":22},"end":{"line":6,"column":31}},"6":{"start":{"line":7,"column":0},"end":{"line":73,"column":null}},"7":{"start":{"line":7,"column":50},"end":{"line":73,"column":2}},"8":{"start":{"line":8,"column":19},"end":{"line":14,"column":6}},"9":{"start":{"line":15,"column":4},"end":{"line":72,"column":1}},"10":{"start":{"line":16,"column":0},"end":{"line":68,"column":null}},"11":{"start":{"line":18,"column":21},"end":{"line":65,"column":2}},"12":{"start":{"line":19,"column":27},"end":{"line":19,"column":45}},"13":{"start":{"line":20,"column":4},"end":{"line":56,"column":1}},"14":{"start":{"line":21,"column":8},"end":{"line":55,"column":5}},"15":{"start":{"line":22,"column":6},"end":{"line":22,"column":null}},"16":{"start":{"line":23,"column":24},"end":{"line":28,"column":null}},"17":{"start":{"line":29,"column":5},"end":{"line":36,"column":null}},"18":{"start":{"line":30,"column":5},"end":{"line":35,"column":6}},"19":{"start":{"line":31,"column":8},"end":{"line":31,"column":null}},"20":{"start":{"line":34,"column":8},"end":{"line":34,"column":null}},"21":{"start":{"line":39,"column":4},"end":{"line":54,"column":5}},"22":{"start":{"line":40,"column":26},"end":{"line":45,"column":null}},"23":{"start":{"line":46,"column":8},"end":{"line":53,"column":null}},"24":{"start":{"line":47,"column":12},"end":{"line":52,"column":13}},"25":{"start":{"line":48,"column":15},"end":{"line":48,"column":null}},"26":{"start":{"line":51,"column":15},"end":{"line":51,"column":null}},"27":{"start":{"line":57,"column":4},"end":{"line":57,"column":null}},"28":{"start":{"line":58,"column":22},"end":{"line":63,"column":null}},"29":{"start":{"line":64,"column":4},"end":{"line":64,"column":null}},"30":{"start":{"line":64,"column":45},"end":{"line":64,"column":70}},"31":{"start":{"line":67,"column":4},"end":{"line":67,"column":null}},"32":{"start":{"line":71,"column":4},"end":{"line":71,"column":null}},"33":{"start":{"line":75,"column":0},"end":{"line":109,"column":null}},"34":{"start":{"line":75,"column":55},"end":{"line":109,"column":2}},"35":{"start":{"line":76,"column":4},"end":{"line":107,"column":1}},"36":{"start":{"line":77,"column":14},"end":{"line":95,"column":2}},"37":{"start":{"line":97,"column":15},"end":{"line":102,"column":11}},"38":{"start":{"line":97,"column":38},"end":{"line":102,"column":10}},"39":{"start":{"line":103,"column":8},"end":{"line":103,"column":null}},"40":{"start":{"line":106,"column":4},"end":{"line":106,"column":null}},"41":{"start":{"line":110,"column":0},"end":{"line":127,"column":null}},"42":{"start":{"line":110,"column":64},"end":{"line":127,"column":2}},"43":{"start":{"line":111,"column":4},"end":{"line":126,"column":1}},"44":{"start":{"line":112,"column":3},"end":{"line":122,"column":null}},"45":{"start":{"line":114,"column":4},"end":{"line":118,"column":1}},"46":{"start":{"line":115,"column":4},"end":{"line":115,"column":null}},"47":{"start":{"line":117,"column":4},"end":{"line":117,"column":null}},"48":{"start":{"line":121,"column":4},"end":{"line":121,"column":null}},"49":{"start":{"line":125,"column":4},"end":{"line":125,"column":null}},"50":{"start":{"line":129,"column":0},"end":{"line":129,"column":null}}},"fnMap":{"0":{"name":"(anonymous_8)","decl":{"start":{"line":7,"column":34},"end":{"line":7,"column":40}},"loc":{"start":{"line":7,"column":50},"end":{"line":73,"column":2}}},"1":{"name":"(anonymous_9)","decl":{"start":{"line":7,"column":50},"end":{"line":7,"column":null}},"loc":{"start":{"line":7,"column":50},"end":{"line":73,"column":1}}},"2":{"name":"(anonymous_10)","decl":{"start":{"line":18,"column":6},"end":{"line":18,"column":12}},"loc":{"start":{"line":18,"column":21},"end":{"line":65,"column":2}}},"3":{"name":"(anonymous_11)","decl":{"start":{"line":18,"column":21},"end":{"line":18,"column":null}},"loc":{"start":{"line":18,"column":21},"end":{"line":65,"column":1}}},"4":{"name":"(anonymous_12)","decl":{"start":{"line":29,"column":36},"end":{"line":29,"column":37}},"loc":{"start":{"line":29,"column":50},"end":{"line":36,"column":6}}},"5":{"name":"(anonymous_13)","decl":{"start":{"line":46,"column":39},"end":{"line":46,"column":40}},"loc":{"start":{"line":46,"column":53},"end":{"line":53,"column":13}}},"6":{"name":"(anonymous_14)","decl":{"start":{"line":64,"column":41},"end":{"line":64,"column":43}},"loc":{"start":{"line":64,"column":45},"end":{"line":64,"column":70}}},"7":{"name":"(anonymous_15)","decl":{"start":{"line":66,"column":7},"end":{"line":66,"column":8}},"loc":{"start":{"line":66,"column":16},"end":{"line":68,"column":1}}},"8":{"name":"(anonymous_16)","decl":{"start":{"line":75,"column":39},"end":{"line":75,"column":45}},"loc":{"start":{"line":75,"column":55},"end":{"line":109,"column":2}}},"9":{"name":"(anonymous_17)","decl":{"start":{"line":75,"column":55},"end":{"line":75,"column":null}},"loc":{"start":{"line":75,"column":55},"end":{"line":109,"column":1}}},"10":{"name":"(anonymous_18)","decl":{"start":{"line":97,"column":26},"end":{"line":97,"column":33}},"loc":{"start":{"line":97,"column":38},"end":{"line":102,"column":10}}},"11":{"name":"(anonymous_19)","decl":{"start":{"line":110,"column":48},"end":{"line":110,"column":54}},"loc":{"start":{"line":110,"column":64},"end":{"line":127,"column":2}}},"12":{"name":"(anonymous_20)","decl":{"start":{"line":110,"column":64},"end":{"line":110,"column":null}},"loc":{"start":{"line":110,"column":64},"end":{"line":127,"column":1}}},"13":{"name":"(anonymous_21)","decl":{"start":{"line":113,"column":8},"end":{"line":113,"column":15}},"loc":{"start":{"line":113,"column":17},"end":{"line":119,"column":3}}},"14":{"name":"(anonymous_22)","decl":{"start":{"line":120,"column":9},"end":{"line":120,"column":14}},"loc":{"start":{"line":120,"column":16},"end":{"line":122,"column":3}}}},"branchMap":{"0":{"loc":{"start":{"line":20,"column":4},"end":{"line":56,"column":1}},"type":"if","locations":[{"start":{"line":20,"column":4},"end":{"line":56,"column":1}}]},"1":{"loc":{"start":{"line":30,"column":5},"end":{"line":35,"column":6}},"type":"if","locations":[{"start":{"line":30,"column":5},"end":{"line":35,"column":6}},{"start":{"line":33,"column":9},"end":{"line":35,"column":6}}]},"2":{"loc":{"start":{"line":39,"column":4},"end":{"line":54,"column":5}},"type":"if","locations":[{"start":{"line":39,"column":4},"end":{"line":54,"column":5}}]},"3":{"loc":{"start":{"line":47,"column":12},"end":{"line":52,"column":13}},"type":"if","locations":[{"start":{"line":47,"column":12},"end":{"line":52,"column":13}},{"start":{"line":50,"column":16},"end":{"line":52,"column":13}}]},"4":{"loc":{"start":{"line":114,"column":4},"end":{"line":118,"column":1}},"type":"if","locations":[{"start":{"line":114,"column":4},"end":{"line":118,"column":1}},{"start":{"line":116,"column":6},"end":{"line":118,"column":1}}]}},"s":{"0":1,"1":1,"2":1,"3":1,"4":1,"5":1,"6":1,"7":0,"8":0,"9":0,"10":0,"11":0,"12":0,"13":0,"14":0,"15":0,"16":0,"17":0,"18":0,"19":0,"20":0,"21":0,"22":0,"23":0,"24":0,"25":0,"26":0,"27":0,"28":0,"29":0,"30":0,"31":0,"32":0,"33":1,"34":0,"35":0,"36":0,"37":0,"38":0,"39":0,"40":0,"41":1,"42":0,"43":0,"44":0,"45":0,"46":0,"47":0,"48":0,"49":0,"50":1},"f":{"0":0,"1":0,"2":0,"3":0,"4":0,"5":0,"6":0,"7":0,"8":0,"9":0,"10":0,"11":0,"12":0,"13":0,"14":0},"b":{"0":[0],"1":[0,0],"2":[0],"3":[0,0],"4":[0,0]}}
,"D:\\Programming Projects\\portfolio-back-end-\\routes\\userRoutes.ts": {"path":"D:\\Programming Projects\\portfolio-back-end-\\routes\\userRoutes.ts","statementMap":{"0":{"start":{"line":1,"column":0},"end":{"line":1,"column":29}},"1":{"start":{"line":2,"column":0},"end":{"line":2,"column":38}},"2":{"start":{"line":3,"column":0},"end":{"line":3,"column":55}},"3":{"start":{"line":4,"column":0},"end":{"line":4,"column":30}},"4":{"start":{"line":5,"column":0},"end":{"line":5,"column":60}},"5":{"start":{"line":6,"column":0},"end":{"line":6,"column":48}},"6":{"start":{"line":7,"column":0},"end":{"line":7,"column":45}},"7":{"start":{"line":9,"column":18},"end":{"line":9,"column":27}},"8":{"start":{"line":10,"column":0},"end":{"line":33,"column":3}},"9":{"start":{"line":10,"column":46},"end":{"line":33,"column":2}},"10":{"start":{"line":11,"column":19},"end":{"line":16,"column":5}},"11":{"start":{"line":18,"column":22},"end":{"line":18,"column":54}},"12":{"start":{"line":19,"column":3},"end":{"line":21,"column":4}},"13":{"start":{"line":20,"column":7},"end":{"line":20,"column":83}},"14":{"start":{"line":23,"column":3},"end":{"line":32,"column":4}},"15":{"start":{"line":24,"column":20},"end":{"line":24,"column":46}},"16":{"start":{"line":25,"column":7},"end":{"line":25,"column":69}},"17":{"start":{"line":27,"column":7},"end":{"line":31,"column":8}},"18":{"start":{"line":28,"column":11},"end":{"line":28,"column":73}},"19":{"start":{"line":30,"column":11},"end":{"line":30,"column":65}},"20":{"start":{"line":35,"column":1},"end":{"line":56,"column":null}},"21":{"start":{"line":35,"column":46},"end":{"line":56,"column":3}},"22":{"start":{"line":36,"column":18},"end":{"line":36,"column":32}},"23":{"start":{"line":37,"column":18},"end":{"line":37,"column":35}},"24":{"start":{"line":38,"column":2},"end":{"line":55,"column":null}},"25":{"start":{"line":40,"column":3},"end":{"line":54,"column":4}},"26":{"start":{"line":41,"column":6},"end":{"line":41,"column":null}},"27":{"start":{"line":44,"column":6},"end":{"line":53,"column":7}},"28":{"start":{"line":46,"column":23},"end":{"line":46,"column":63}},"29":{"start":{"line":47,"column":20},"end":{"line":47,"column":107}},"30":{"start":{"line":48,"column":6},"end":{"line":48,"column":null}},"31":{"start":{"line":49,"column":7},"end":{"line":49,"column":null}},"32":{"start":{"line":52,"column":9},"end":{"line":52,"column":null}},"33":{"start":{"line":57,"column":1},"end":{"line":59,"column":null}},"34":{"start":{"line":58,"column":2},"end":{"line":58,"column":null}},"35":{"start":{"line":60,"column":1},"end":{"line":86,"column":null}},"36":{"start":{"line":60,"column":52},"end":{"line":86,"column":3}},"37":{"start":{"line":61,"column":15},"end":{"line":61,"column":29}},"38":{"start":{"line":62,"column":3},"end":{"line":86,"column":2}},"39":{"start":{"line":64,"column":3},"end":{"line":84,"column":2}},"40":{"start":{"line":65,"column":2},"end":{"line":65,"column":null}},"41":{"start":{"line":67,"column":16},"end":{"line":67,"column":52}},"42":{"start":{"line":68,"column":17},"end":{"line":68,"column":78}},"43":{"start":{"line":70,"column":21},"end":{"line":75,"column":null}},"44":{"start":{"line":76,"column":3},"end":{"line":83,"column":null}},"45":{"start":{"line":77,"column":3},"end":{"line":82,"column":4}},"46":{"start":{"line":78,"column":6},"end":{"line":78,"column":null}},"47":{"start":{"line":81,"column":6},"end":{"line":81,"column":null}},"48":{"start":{"line":87,"column":0},"end":{"line":112,"column":null}},"49":{"start":{"line":87,"column":50},"end":{"line":112,"column":2}},"50":{"start":{"line":88,"column":13},"end":{"line":88,"column":27}},"51":{"start":{"line":89,"column":16},"end":{"line":89,"column":33}},"52":{"start":{"line":90,"column":0},"end":{"line":109,"column":null}},"53":{"start":{"line":90,"column":75},"end":{"line":109,"column":2}},"54":{"start":{"line":92,"column":2},"end":{"line":108,"column":5}},"55":{"start":{"line":93,"column":3},"end":{"line":93,"column":27}},"56":{"start":{"line":96,"column":6},"end":{"line":108,"column":4}},"57":{"start":{"line":97,"column":16},"end":{"line":97,"column":48}},"58":{"start":{"line":98,"column":4},"end":{"line":102,"column":null}},"59":{"start":{"line":103,"column":3},"end":{"line":103,"column":null}},"60":{"start":{"line":107,"column":6},"end":{"line":107,"column":null}},"61":{"start":{"line":113,"column":0},"end":{"line":125,"column":null}},"62":{"start":{"line":113,"column":80},"end":{"line":125,"column":2}},"63":{"start":{"line":114,"column":3},"end":{"line":124,"column":4}},"64":{"start":{"line":115,"column":23},"end":{"line":115,"column":46}},"65":{"start":{"line":116,"column":22},"end":{"line":119,"column":6}},"66":{"start":{"line":116,"column":47},"end":{"line":119,"column":5}},"67":{"start":{"line":120,"column":3},"end":{"line":120,"column":null}},"68":{"start":{"line":123,"column":6},"end":{"line":123,"column":null}},"69":{"start":{"line":127,"column":0},"end":{"line":127,"column":null}}},"fnMap":{"0":{"name":"(anonymous_8)","decl":{"start":{"line":10,"column":27},"end":{"line":10,"column":34}},"loc":{"start":{"line":10,"column":46},"end":{"line":33,"column":2}}},"1":{"name":"(anonymous_9)","decl":{"start":{"line":10,"column":46},"end":{"line":10,"column":null}},"loc":{"start":{"line":10,"column":46},"end":{"line":33,"column":1}}},"2":{"name":"(anonymous_10)","decl":{"start":{"line":35,"column":26},"end":{"line":35,"column":32}},"loc":{"start":{"line":35,"column":46},"end":{"line":56,"column":3}}},"3":{"name":"(anonymous_11)","decl":{"start":{"line":35,"column":46},"end":{"line":35,"column":null}},"loc":{"start":{"line":35,"column":46},"end":{"line":56,"column":2}}},"4":{"name":"(anonymous_12)","decl":{"start":{"line":39,"column":9},"end":{"line":39,"column":10}},"loc":{"start":{"line":39,"column":21},"end":{"line":55,"column":4}}},"5":{"name":"(anonymous_13)","decl":{"start":{"line":57,"column":39},"end":{"line":57,"column":40}},"loc":{"start":{"line":57,"column":54},"end":{"line":59,"column":2}}},"6":{"name":"(anonymous_14)","decl":{"start":{"line":60,"column":36},"end":{"line":60,"column":42}},"loc":{"start":{"line":60,"column":52},"end":{"line":86,"column":3}}},"7":{"name":"(anonymous_15)","decl":{"start":{"line":60,"column":52},"end":{"line":60,"column":null}},"loc":{"start":{"line":60,"column":52},"end":{"line":86,"column":2}}},"8":{"name":"(anonymous_16)","decl":{"start":{"line":63,"column":9},"end":{"line":63,"column":10}},"loc":{"start":{"line":63,"column":17},"end":{"line":85,"column":1}}},"9":{"name":"(anonymous_17)","decl":{"start":{"line":76,"column":34},"end":{"line":76,"column":35}},"loc":{"start":{"line":76,"column":48},"end":{"line":83,"column":4}}},"10":{"name":"(anonymous_18)","decl":{"start":{"line":87,"column":34},"end":{"line":87,"column":40}},"loc":{"start":{"line":87,"column":50},"end":{"line":112,"column":2}}},"11":{"name":"(anonymous_19)","decl":{"start":{"line":87,"column":50},"end":{"line":87,"column":null}},"loc":{"start":{"line":87,"column":50},"end":{"line":112,"column":1}}},"12":{"name":"(anonymous_20)","decl":{"start":{"line":90,"column":45},"end":{"line":90,"column":51}},"loc":{"start":{"line":90,"column":75},"end":{"line":109,"column":2}}},"13":{"name":"(anonymous_21)","decl":{"start":{"line":90,"column":75},"end":{"line":90,"column":null}},"loc":{"start":{"line":90,"column":75},"end":{"line":109,"column":1}}},"14":{"name":"(anonymous_22)","decl":{"start":{"line":113,"column":64},"end":{"line":113,"column":70}},"loc":{"start":{"line":113,"column":80},"end":{"line":125,"column":2}}},"15":{"name":"(anonymous_23)","decl":{"start":{"line":113,"column":80},"end":{"line":113,"column":null}},"loc":{"start":{"line":113,"column":80},"end":{"line":125,"column":1}}},"16":{"name":"(anonymous_24)","decl":{"start":{"line":116,"column":38},"end":{"line":116,"column":44}},"loc":{"start":{"line":116,"column":47},"end":{"line":119,"column":5}}}},"branchMap":{"0":{"loc":{"start":{"line":19,"column":3},"end":{"line":21,"column":4}},"type":"if","locations":[{"start":{"line":19,"column":3},"end":{"line":21,"column":4}}]},"1":{"loc":{"start":{"line":27,"column":7},"end":{"line":31,"column":8}},"type":"if","locations":[{"start":{"line":27,"column":7},"end":{"line":31,"column":8}},{"start":{"line":29,"column":14},"end":{"line":31,"column":8}}]},"2":{"loc":{"start":{"line":40,"column":3},"end":{"line":54,"column":4}},"type":"if","locations":[{"start":{"line":40,"column":3},"end":{"line":54,"column":4}},{"start":{"line":43,"column":7},"end":{"line":54,"column":4}}]},"3":{"loc":{"start":{"line":44,"column":6},"end":{"line":53,"column":7}},"type":"if","locations":[{"start":{"line":44,"column":6},"end":{"line":53,"column":7}},{"start":{"line":51,"column":10},"end":{"line":53,"column":7}}]},"4":{"loc":{"start":{"line":64,"column":3},"end":{"line":84,"column":2}},"type":"if","locations":[{"start":{"line":64,"column":3},"end":{"line":84,"column":2}},{"start":{"line":66,"column":8},"end":{"line":84,"column":2}}]},"5":{"loc":{"start":{"line":77,"column":3},"end":{"line":82,"column":4}},"type":"if","locations":[{"start":{"line":77,"column":3},"end":{"line":82,"column":4}},{"start":{"line":80,"column":7},"end":{"line":82,"column":4}}]},"6":{"loc":{"start":{"line":92,"column":2},"end":{"line":108,"column":5}},"type":"if","locations":[{"start":{"line":92,"column":2},"end":{"line":108,"column":5}},{"start":{"line":95,"column":7},"end":{"line":108,"column":5}}]}},"s":{"0":1,"1":1,"2":1,"3":1,"4":1,"5":1,"6":1,"7":1,"8":1,"9":0,"10":0,"11":0,"12":0,"13":0,"14":0,"15":0,"16":0,"17":0,"18":0,"19":0,"20":1,"21":0,"22":0,"23":0,"24":0,"25":0,"26":0,"27":0,"28":0,"29":0,"30":0,"31":0,"32":0,"33":1,"34":0,"35":1,"36":0,"37":0,"38":0,"39":0,"40":0,"41":0,"42":0,"43":0,"44":0,"45":0,"46":0,"47":0,"48":1,"49":0,"50":0,"51":0,"52":0,"53":0,"54":0,"55":0,"56":0,"57":0,"58":0,"59":0,"60":0,"61":1,"62":0,"63":0,"64":0,"65":0,"66":0,"67":0,"68":0,"69":1},"f":{"0":0,"1":0,"2":0,"3":0,"4":0,"5":0,"6":0,"7":0,"8":0,"9":0,"10":0,"11":0,"12":0,"13":0,"14":0,"15":0,"16":0},"b":{"0":[0],"1":[0,0],"2":[0,0],"3":[0,0],"4":[0,0],"5":[0,0],"6":[0,0]}}
,"D:\\Programming Projects\\portfolio-back-end-\\validate\\user valid.js": {"path":"D:\\Programming Projects\\portfolio-back-end-\\validate\\user valid.js","statementMap":{"0":{"start":{"line":2,"column":22},"end":{"line":4,"column":1}},"1":{"start":{"line":3,"column":4},"end":{"line":3,"column":62}},"2":{"start":{"line":5,"column":0},"end":{"line":5,"column":62}},"3":{"start":{"line":6,"column":0},"end":{"line":6,"column":32}},"4":{"start":{"line":7,"column":14},"end":{"line":7,"column":45}},"5":{"start":{"line":8,"column":0},"end":{"line":36,"column":3}}},"fnMap":{"0":{"name":"(anonymous_0)","decl":{"start":{"line":2,"column":56},"end":{"line":2,"column":57}},"loc":{"start":{"line":2,"column":71},"end":{"line":4,"column":1}},"line":2}},"branchMap":{"0":{"loc":{"start":{"line":2,"column":22},"end":{"line":4,"column":1}},"type":"binary-expr","locations":[{"start":{"line":2,"column":23},"end":{"line":2,"column":27}},{"start":{"line":2,"column":31},"end":{"line":2,"column":51}},{"start":{"line":2,"column":56},"end":{"line":4,"column":1}}],"line":2},"1":{"loc":{"start":{"line":3,"column":11},"end":{"line":3,"column":61}},"type":"cond-expr","locations":[{"start":{"line":3,"column":37},"end":{"line":3,"column":40}},{"start":{"line":3,"column":43},"end":{"line":3,"column":61}}],"line":3},"2":{"loc":{"start":{"line":3,"column":12},"end":{"line":3,"column":33}},"type":"binary-expr","locations":[{"start":{"line":3,"column":12},"end":{"line":3,"column":15}},{"start":{"line":3,"column":19},"end":{"line":3,"column":33}}],"line":3}},"s":{"0":1,"1":1,"2":1,"3":1,"4":1,"5":1},"f":{"0":1},"b":{"0":[1,1,1],"1":[0,1],"2":[1,1]},"inputSourceMap":null,"_coverageSchema":"1a1c01bbd47fc00a2c39e90264f33305004495a9","hash":"3d4cc48069256990ee4af204e1e31aa8c4b7fdf1"}
,"D:\\Programming Projects\\portfolio-back-end-\\validate\\validateBlog.js": {"path":"D:\\Programming Projects\\portfolio-back-end-\\validate\\validateBlog.js","statementMap":{"0":{"start":{"line":2,"column":22},"end":{"line":4,"column":1}},"1":{"start":{"line":3,"column":4},"end":{"line":3,"column":62}},"2":{"start":{"line":5,"column":0},"end":{"line":5,"column":62}},"3":{"start":{"line":6,"column":0},"end":{"line":6,"column":30}},"4":{"start":{"line":7,"column":14},"end":{"line":7,"column":45}},"5":{"start":{"line":8,"column":0},"end":{"line":25,"column":3}}},"fnMap":{"0":{"name":"(anonymous_0)","decl":{"start":{"line":2,"column":56},"end":{"line":2,"column":57}},"loc":{"start":{"line":2,"column":71},"end":{"line":4,"column":1}},"line":2}},"branchMap":{"0":{"loc":{"start":{"line":2,"column":22},"end":{"line":4,"column":1}},"type":"binary-expr","locations":[{"start":{"line":2,"column":23},"end":{"line":2,"column":27}},{"start":{"line":2,"column":31},"end":{"line":2,"column":51}},{"start":{"line":2,"column":56},"end":{"line":4,"column":1}}],"line":2},"1":{"loc":{"start":{"line":3,"column":11},"end":{"line":3,"column":61}},"type":"cond-expr","locations":[{"start":{"line":3,"column":37},"end":{"line":3,"column":40}},{"start":{"line":3,"column":43},"end":{"line":3,"column":61}}],"line":3},"2":{"loc":{"start":{"line":3,"column":12},"end":{"line":3,"column":33}},"type":"binary-expr","locations":[{"start":{"line":3,"column":12},"end":{"line":3,"column":15}},{"start":{"line":3,"column":19},"end":{"line":3,"column":33}}],"line":3}},"s":{"0":1,"1":1,"2":1,"3":1,"4":1,"5":1},"f":{"0":1},"b":{"0":[1,1,1],"1":[0,1],"2":[1,1]},"inputSourceMap":null,"_coverageSchema":"1a1c01bbd47fc00a2c39e90264f33305004495a9","hash":"57cf654e0e4d0f8a2382848f8e7b205ede73e1f9"}
}
