TN:
SF:index.ts
FN:14,(anonymous_1)
FN:17,(anonymous_2)
FNF:2
FNH:1
FNDA:3,(anonymous_1)
FNDA:0,(anonymous_2)
DA:1,3
DA:2,3
DA:3,3
DA:4,3
DA:5,3
DA:6,3
DA:7,3
DA:8,3
DA:10,3
DA:11,3
DA:12,3
DA:13,3
DA:14,3
DA:15,3
DA:17,3
DA:18,0
DA:20,3
DA:21,3
DA:22,3
DA:24,3
LF:20
LH:19
BRF:0
BRH:0
end_of_record
TN:
SF:middleware\transpoter.js
FN:2,(anonymous_0)
FNF:1
FNH:1
FNDA:3,(anonymous_0)
DA:2,3
DA:3,3
DA:5,3
DA:6,3
DA:7,3
DA:15,3
LF:6
LH:6
BRDA:2,0,0,3
BRDA:2,0,1,3
BRDA:2,0,2,3
BRDA:3,1,0,0
BRDA:3,1,1,3
BRDA:3,2,0,3
BRDA:3,2,1,3
BRF:7
BRH:6
end_of_record
TN:
SF:middleware\userAuth.js
FN:2,(anonymous_0)
FN:3,adopt
FN:3,(anonymous_2)
FN:4,(anonymous_3)
FN:5,fulfilled
FN:6,rejected
FN:7,step
FN:11,(anonymous_7)
FN:18,(anonymous_8)
FN:18,(anonymous_9)
FN:21,(anonymous_10)
FN:21,(anonymous_11)
FN:37,(anonymous_12)
FN:38,(anonymous_13)
FNF:14
FNH:9
FNDA:12,(anonymous_0)
FNDA:0,adopt
FNDA:0,(anonymous_2)
FNDA:12,(anonymous_3)
FNDA:0,fulfilled
FNDA:0,rejected
FNDA:12,step
FNDA:6,(anonymous_7)
FNDA:6,(anonymous_8)
FNDA:6,(anonymous_9)
FNDA:6,(anonymous_10)
FNDA:6,(anonymous_11)
FNDA:6,(anonymous_12)
FNDA:0,(anonymous_13)
DA:2,3
DA:3,0
DA:4,12
DA:5,0
DA:6,0
DA:7,12
DA:8,12
DA:11,3
DA:12,6
DA:14,3
DA:15,3
DA:16,3
DA:17,3
DA:18,6
DA:19,6
DA:20,6
DA:21,6
DA:22,6
DA:23,6
DA:24,0
DA:27,6
DA:31,0
DA:32,0
DA:36,3
DA:37,3
DA:38,6
DA:39,0
DA:40,0
DA:41,0
DA:43,0
DA:44,0
DA:47,0
DA:51,3
LF:33
LH:21
BRDA:2,0,0,3
BRDA:2,0,1,3
BRDA:2,0,2,3
BRDA:3,1,0,0
BRDA:3,1,1,0
BRDA:4,2,0,12
BRDA:4,2,1,12
BRDA:7,3,0,12
BRDA:7,3,1,0
BRDA:8,4,0,12
BRDA:8,4,1,12
BRDA:11,5,0,3
BRDA:11,5,1,3
BRDA:11,5,2,3
BRDA:12,6,0,3
BRDA:12,6,1,3
BRDA:12,7,0,6
BRDA:12,7,1,6
BRDA:20,8,0,6
BRDA:20,8,1,0
BRDA:22,9,0,6
BRDA:22,9,1,0
BRDA:23,10,0,0
BRDA:23,10,1,6
BRDA:40,11,0,0
BRDA:40,11,1,0
BRDA:43,12,0,0
BRDA:43,12,1,0
BRF:28
BRH:18
end_of_record
TN:
SF:models\blogs.ts
FNF:0
FNH:0
DA:1,3
DA:3,3
DA:25,3
DA:31,3
DA:32,3
DA:33,3
LF:6
LH:6
BRF:0
BRH:0
end_of_record
TN:
SF:models\message.ts
FNF:0
FNH:0
DA:1,3
DA:2,3
DA:12,3
DA:13,3
LF:4
LH:4
BRF:0
BRH:0
end_of_record
TN:
SF:models\rolers.ts
FNF:0
FNH:0
DA:5,3
DA:9,3
LF:2
LH:2
BRF:0
BRH:0
end_of_record
TN:
SF:models\subscriber.ts
FNF:0
FNH:0
DA:1,3
DA:2,3
DA:13,3
DA:14,3
LF:4
LH:4
BRF:0
BRH:0
end_of_record
TN:
SF:models\usermodel.ts
FNF:0
FNH:0
DA:1,3
DA:2,3
DA:30,3
DA:31,3
LF:4
LH:4
BRF:0
BRH:0
end_of_record
TN:
SF:routes\blogRouter.ts
FN:13,(anonymous_8)
FN:13,(anonymous_9)
FN:31,(anonymous_10)
FN:48,(anonymous_11)
FN:48,(anonymous_12)
FN:77,(anonymous_13)
FN:77,(anonymous_14)
FN:93,(anonymous_15)
FN:93,(anonymous_16)
FN:96,(anonymous_17)
FN:104,(anonymous_18)
FN:112,(anonymous_19)
FN:112,(anonymous_20)
FN:116,(anonymous_21)
FN:122,(anonymous_22)
FN:130,(anonymous_23)
FN:130,(anonymous_24)
FN:134,(anonymous_25)
FN:143,(anonymous_26)
FNF:19
FNH:6
FNDA:0,(anonymous_8)
FNDA:0,(anonymous_9)
FNDA:0,(anonymous_10)
FNDA:1,(anonymous_11)
FNDA:1,(anonymous_12)
FNDA:1,(anonymous_13)
FNDA:1,(anonymous_14)
FNDA:0,(anonymous_15)
FNDA:0,(anonymous_16)
FNDA:0,(anonymous_17)
FNDA:0,(anonymous_18)
FNDA:0,(anonymous_19)
FNDA:0,(anonymous_20)
FNDA:0,(anonymous_21)
FNDA:0,(anonymous_22)
FNDA:1,(anonymous_23)
FNDA:1,(anonymous_24)
FNDA:0,(anonymous_25)
FNDA:0,(anonymous_26)
DA:1,3
DA:2,3
DA:3,3
DA:4,3
DA:5,3
DA:6,3
DA:7,3
DA:11,3
DA:13,3
DA:14,0
DA:15,0
DA:21,0
DA:22,0
DA:23,0
DA:28,0
DA:29,0
DA:30,0
DA:31,0
DA:32,0
DA:38,0
DA:44,0
DA:48,3
DA:49,1
DA:50,1
DA:71,1
DA:73,0
DA:77,3
DA:78,1
DA:80,1
DA:86,1
DA:87,0
DA:90,1
DA:93,3
DA:94,0
DA:95,0
DA:97,0
DA:98,0
DA:101,0
DA:105,0
DA:109,0
DA:112,3
DA:113,0
DA:114,0
DA:115,0
DA:117,0
DA:118,0
DA:120,0
DA:123,0
DA:127,0
DA:130,3
DA:131,1
DA:132,1
DA:133,1
DA:135,0
DA:136,0
DA:139,0
DA:140,0
DA:144,0
DA:145,0
DA:148,0
DA:153,0
DA:161,3
LF:62
LH:25
BRDA:22,0,0,0
BRDA:22,0,1,0
BRDA:97,1,0,0
BRDA:97,1,1,0
BRDA:117,2,0,0
BRDA:117,2,1,0
BRDA:135,3,0,0
BRDA:135,3,1,0
BRDA:139,4,0,0
BRDA:139,4,1,0
BRDA:144,5,0,0
BRDA:144,5,1,0
BRF:12
BRH:0
end_of_record
TN:
SF:routes\messageRouter.ts
FN:7,(anonymous_8)
FN:7,(anonymous_9)
FN:18,(anonymous_10)
FN:18,(anonymous_11)
FN:29,(anonymous_12)
FN:46,(anonymous_13)
FN:64,(anonymous_14)
FN:66,(anonymous_15)
FN:75,(anonymous_16)
FN:75,(anonymous_17)
FN:97,(anonymous_18)
FN:110,(anonymous_19)
FN:110,(anonymous_20)
FN:113,(anonymous_21)
FN:120,(anonymous_22)
FNF:15
FNH:4
FNDA:1,(anonymous_8)
FNDA:1,(anonymous_9)
FNDA:1,(anonymous_10)
FNDA:1,(anonymous_11)
FNDA:0,(anonymous_12)
FNDA:0,(anonymous_13)
FNDA:0,(anonymous_14)
FNDA:0,(anonymous_15)
FNDA:0,(anonymous_16)
FNDA:0,(anonymous_17)
FNDA:0,(anonymous_18)
FNDA:0,(anonymous_19)
FNDA:0,(anonymous_20)
FNDA:0,(anonymous_21)
FNDA:0,(anonymous_22)
DA:1,3
DA:2,3
DA:3,3
DA:4,3
DA:5,3
DA:6,3
DA:7,3
DA:8,1
DA:15,1
DA:16,1
DA:18,1
DA:19,1
DA:20,1
DA:21,0
DA:22,0
DA:23,0
DA:29,0
DA:30,0
DA:31,0
DA:34,0
DA:39,0
DA:40,0
DA:46,0
DA:47,0
DA:48,0
DA:51,0
DA:57,1
DA:58,1
DA:64,1
DA:67,0
DA:71,0
DA:75,3
DA:76,0
DA:77,0
DA:97,0
DA:103,0
DA:106,0
DA:110,3
DA:111,0
DA:112,0
DA:114,0
DA:115,0
DA:117,0
DA:121,0
DA:125,0
DA:129,3
LF:46
LH:19
BRDA:20,0,0,0
BRDA:30,1,0,0
BRDA:30,1,1,0
BRDA:39,2,0,0
BRDA:47,3,0,0
BRDA:47,3,1,0
BRDA:114,4,0,0
BRDA:114,4,1,0
BRF:8
BRH:0
end_of_record
TN:
SF:routes\userRoutes.ts
FN:10,(anonymous_8)
FN:10,(anonymous_9)
FN:35,(anonymous_10)
FN:35,(anonymous_11)
FN:39,(anonymous_12)
FN:57,(anonymous_13)
FN:60,(anonymous_14)
FN:60,(anonymous_15)
FN:63,(anonymous_16)
FN:76,(anonymous_17)
FN:87,(anonymous_18)
FN:87,(anonymous_19)
FN:90,(anonymous_20)
FN:90,(anonymous_21)
FN:113,(anonymous_22)
FN:113,(anonymous_23)
FN:116,(anonymous_24)
FNF:17
FNH:12
FNDA:1,(anonymous_8)
FNDA:1,(anonymous_9)
FNDA:1,(anonymous_10)
FNDA:1,(anonymous_11)
FNDA:1,(anonymous_12)
FNDA:0,(anonymous_13)
FNDA:1,(anonymous_14)
FNDA:1,(anonymous_15)
FNDA:1,(anonymous_16)
FNDA:0,(anonymous_17)
FNDA:1,(anonymous_18)
FNDA:1,(anonymous_19)
FNDA:1,(anonymous_20)
FNDA:1,(anonymous_21)
FNDA:0,(anonymous_22)
FNDA:0,(anonymous_23)
FNDA:0,(anonymous_24)
DA:1,3
DA:2,3
DA:3,3
DA:4,3
DA:5,3
DA:6,3
DA:7,3
DA:9,3
DA:10,3
DA:11,1
DA:18,1
DA:19,1
DA:20,1
DA:23,0
DA:24,0
DA:25,0
DA:27,0
DA:28,0
DA:30,0
DA:35,3
DA:36,1
DA:37,1
DA:38,1
DA:40,1
DA:41,1
DA:44,0
DA:46,0
DA:47,0
DA:48,0
DA:49,0
DA:52,0
DA:57,3
DA:58,0
DA:60,3
DA:61,1
DA:62,1
DA:64,1
DA:65,1
DA:67,0
DA:68,0
DA:70,0
DA:76,0
DA:77,0
DA:78,0
DA:81,0
DA:87,3
DA:88,1
DA:89,1
DA:90,1
DA:92,1
DA:93,1
DA:96,0
DA:97,0
DA:98,0
DA:103,0
DA:107,0
DA:113,3
DA:114,0
DA:115,0
DA:116,0
DA:120,0
DA:123,0
DA:127,3
LF:63
LH:33
BRDA:19,0,0,1
BRDA:27,1,0,0
BRDA:27,1,1,0
BRDA:40,2,0,1
BRDA:40,2,1,0
BRDA:44,3,0,0
BRDA:44,3,1,0
BRDA:64,4,0,1
BRDA:64,4,1,0
BRDA:77,5,0,0
BRDA:77,5,1,0
BRDA:92,6,0,1
BRDA:92,6,1,0
BRF:13
BRH:4
end_of_record
TN:
SF:validate\user valid.js
FN:2,(anonymous_0)
FNF:1
FNH:1
FNDA:3,(anonymous_0)
DA:2,3
DA:3,3
DA:5,3
DA:6,3
DA:7,3
DA:8,3
LF:6
LH:6
BRDA:2,0,0,3
BRDA:2,0,1,3
BRDA:2,0,2,3
BRDA:3,1,0,0
BRDA:3,1,1,3
BRDA:3,2,0,3
BRDA:3,2,1,3
BRF:7
BRH:6
end_of_record
TN:
SF:validate\validateBlog.js
FN:2,(anonymous_0)
FNF:1
FNH:1
FNDA:3,(anonymous_0)
DA:2,3
DA:3,3
DA:5,3
DA:6,3
DA:7,3
DA:8,3
LF:6
LH:6
BRDA:2,0,0,3
BRDA:2,0,1,3
BRDA:2,0,2,3
BRDA:3,1,0,0
BRDA:3,1,1,3
BRDA:3,2,0,3
BRDA:3,2,1,3
BRF:7
BRH:6
end_of_record
